<?xml version="1.0" encoding="UTF-8" ?>
<testsuites>
<testsuite name="view.DataRecordView" errors="0" tests="1" failures="0" time="0.001" timestamp="2012-07-08T17:36:06">
  <testcase classname="view.DataRecordView" name="객체가 정상적으로 생성된다." time="0.001"></testcase>
</testsuite>
</testsuites>