<?xml version="1.0" encoding="UTF-8" ?>
<testsuites>
<testsuite name="model.Person" errors="0" tests="1" failures="0" time="0.015" timestamp="2012-07-08T17:36:06">
  <testcase classname="model.Person" name="객체가 정상적으로 생성된다." time="0.012"></testcase>
</testsuite>
<testsuite name="model.Person.getName" errors="0" tests="1" failures="0" time="0.002" timestamp="2012-07-08T17:36:06">
  <testcase classname="model.Person.getName" name="attributes의 name의 값을 반환한다." time="0.001"></testcase>
</testsuite>
<testsuite name="model.Person.getPart" errors="0" tests="1" failures="0" time="0.001" timestamp="2012-07-08T17:36:06">
  <testcase classname="model.Person.getPart" name="attributes의 part의 값을 반환한다." time="0.001"></testcase>
</testsuite>
</testsuites>