<?xml version="1.0" encoding="UTF-8" ?>
<testsuites>
<testsuite name="collection.PersonList" errors="0" tests="1" failures="0" time="0" timestamp="2012-07-08T17:36:06">
  <testcase classname="collection.PersonList" name="객체가 정상적으로 생성된다." time="0"></testcase>
</testsuite>
</testsuites>